This is pdfTeX, Version 3.141592653-2.6-1.40.25 (TeX Live 2023) (preloaded format=pdflatex 2023.10.6)  7 DEC 2023 13:49
entering extended mode
 restricted \write18 enabled.
 file:line:error style messages enabled.
 %&-line parsing enabled.
**/Users/CJChen/Desktop/CourseworksF2023/CV/cv-final-project/report/iclr2021_conference.tex
(/Users/CJChen/Desktop/CourseworksF2023/CV/cv-final-project/report/iclr2021_conference.tex
LaTeX2e <2022-11-01> patch level 1
L3 programming layer <2023-02-22> (/usr/local/texlive/2023/texmf-dist/tex/latex/base/article.cls
Document Class: article 2022/07/02 v1.4n Standard LaTeX document class
(/usr/local/texlive/2023/texmf-dist/tex/latex/base/size10.clo
File: size10.clo 2022/07/02 v1.4n Standard LaTeX file (size option)
)
\c@part=\count185
\c@section=\count186
\c@subsection=\count187
\c@subsubsection=\count188
\c@paragraph=\count189
\c@subparagraph=\count190
\c@figure=\count191
\c@table=\count192
\abovecaptionskip=\skip48
\belowcaptionskip=\skip49
\bibindent=\dimen140
) (./iclr2021_conference.sty (/usr/local/texlive/2023/texmf-dist/tex/latex/eso-pic/eso-pic.sty
Package: eso-pic 2020/10/14 v3.0a eso-pic (RN)
\ESO@tempdima=\dimen141
\ESO@tempdimb=\dimen142
 (/usr/local/texlive/2023/texmf-dist/tex/latex/graphics/keyval.sty
Package: keyval 2022/05/29 v1.15 key=value parser (DPC)
\KV@toks@=\toks16
) (/usr/local/texlive/2023/texmf-dist/tex/latex/xcolor/xcolor.sty
Package: xcolor 2022/06/12 v2.14 LaTeX color extensions (UK)
 (/usr/local/texlive/2023/texmf-dist/tex/latex/graphics-cfg/color.cfg
File: color.cfg 2016/01/02 v1.6 sample color configuration
)
Package xcolor Info: Driver file: pdftex.def on input line 227.
 (/usr/local/texlive/2023/texmf-dist/tex/latex/graphics-def/pdftex.def
File: pdftex.def 2022/09/22 v1.2b Graphics/color driver for pdftex
) (/usr/local/texlive/2023/texmf-dist/tex/latex/graphics/mathcolor.ltx)
Package xcolor Info: Model `cmy' substituted by `cmy0' on input line 1353.
Package xcolor Info: Model `hsb' substituted by `rgb' on input line 1357.
Package xcolor Info: Model `RGB' extended on input line 1369.
Package xcolor Info: Model `HTML' substituted by `rgb' on input line 1371.
Package xcolor Info: Model `Hsb' substituted by `hsb' on input line 1372.
Package xcolor Info: Model `tHsb' substituted by `hsb' on input line 1373.
Package xcolor Info: Model `HSB' substituted by `hsb' on input line 1374.
Package xcolor Info: Model `Gray' substituted by `gray' on input line 1375.
Package xcolor Info: Model `wave' substituted by `hsb' on input line 1376.
)) (./fancyhdr.sty
\fancy@headwidth=\skip50
\f@ncyO@elh=\skip51
\f@ncyO@erh=\skip52
\f@ncyO@olh=\skip53
\f@ncyO@orh=\skip54
\f@ncyO@elf=\skip55
\f@ncyO@erf=\skip56
\f@ncyO@olf=\skip57
\f@ncyO@orf=\skip58
) (./natbib.sty
Package: natbib 2009/07/16 8.31 (PWD, AO)
\bibhang=\skip59
\bibsep=\skip60
LaTeX Info: Redefining \cite on input line 694.
\c@NAT@ctr=\count193
)) (/usr/local/texlive/2023/texmf-dist/tex/latex/psnfss/times.sty
Package: times 2020/03/25 PSNFSS-v9.3 (SPQR) 
) (./math_commands.tex (/usr/local/texlive/2023/texmf-dist/tex/latex/amsmath/amsmath.sty
Package: amsmath 2022/04/08 v2.17n AMS math features
\@mathmargin=\skip61

For additional information on amsmath, use the `?' option.
(/usr/local/texlive/2023/texmf-dist/tex/latex/amsmath/amstext.sty
Package: amstext 2021/08/26 v2.01 AMS text
 (/usr/local/texlive/2023/texmf-dist/tex/latex/amsmath/amsgen.sty
File: amsgen.sty 1999/11/30 v2.0 generic functions
\@emptytoks=\toks17
\ex@=\dimen143
)) (/usr/local/texlive/2023/texmf-dist/tex/latex/amsmath/amsbsy.sty
Package: amsbsy 1999/11/29 v1.2d Bold Symbols
\pmbraise@=\dimen144
) (/usr/local/texlive/2023/texmf-dist/tex/latex/amsmath/amsopn.sty
Package: amsopn 2022/04/08 v2.04 operator names
)
\inf@bad=\count194
LaTeX Info: Redefining \frac on input line 234.
\uproot@=\count195
\leftroot@=\count196
LaTeX Info: Redefining \overline on input line 399.
LaTeX Info: Redefining \colon on input line 410.
\classnum@=\count197
\DOTSCASE@=\count198
LaTeX Info: Redefining \ldots on input line 496.
LaTeX Info: Redefining \dots on input line 499.
LaTeX Info: Redefining \cdots on input line 620.
\Mathstrutbox@=\box51
\strutbox@=\box52
LaTeX Info: Redefining \big on input line 722.
LaTeX Info: Redefining \Big on input line 723.
LaTeX Info: Redefining \bigg on input line 724.
LaTeX Info: Redefining \Bigg on input line 725.
\big@size=\dimen145
LaTeX Font Info:    Redeclaring font encoding OML on input line 743.
LaTeX Font Info:    Redeclaring font encoding OMS on input line 744.
\macc@depth=\count199
LaTeX Info: Redefining \bmod on input line 905.
LaTeX Info: Redefining \pmod on input line 910.
LaTeX Info: Redefining \smash on input line 940.
LaTeX Info: Redefining \relbar on input line 970.
LaTeX Info: Redefining \Relbar on input line 971.
\c@MaxMatrixCols=\count266
\dotsspace@=\muskip16
\c@parentequation=\count267
\dspbrk@lvl=\count268
\tag@help=\toks18
\row@=\count269
\column@=\count270
\maxfields@=\count271
\andhelp@=\toks19
\eqnshift@=\dimen146
\alignsep@=\dimen147
\tagshift@=\dimen148
\tagwidth@=\dimen149
\totwidth@=\dimen150
\lineht@=\dimen151
\@envbody=\toks20
\multlinegap=\skip62
\multlinetaggap=\skip63
\mathdisplay@stack=\toks21
LaTeX Info: Redefining \[ on input line 2953.
LaTeX Info: Redefining \] on input line 2954.
) (/usr/local/texlive/2023/texmf-dist/tex/latex/amsfonts/amsfonts.sty
Package: amsfonts 2013/01/14 v3.01 Basic AMSFonts support
\symAMSa=\mathgroup4
\symAMSb=\mathgroup5
LaTeX Font Info:    Redeclaring math symbol \hbar on input line 98.
LaTeX Font Info:    Overwriting math alphabet `\mathfrak' in version `bold'
(Font)                  U/euf/m/n --> U/euf/b/n on input line 106.
) (/usr/local/texlive/2023/texmf-dist/tex/latex/tools/bm.sty
Package: bm 2022/01/05 v1.2f Bold Symbol Support (DPC/FMi)
\symboldoperators=\mathgroup6
\symboldletters=\mathgroup7
\symboldsymbols=\mathgroup8
Package bm Info: No bold for \OMX/cmex/m/n, using \pmb.
Package bm Info: No bold for \U/msa/m/n, using \pmb.
Package bm Info: No bold for \U/msb/m/n, using \pmb.
LaTeX Font Info:    Redeclaring math alphabet \mathbf on input line 149.
)
LaTeX Font Info:    Overwriting math alphabet `\mathsfit' in version `bold'
(Font)                  OT1/phv/m/sl --> OT1/phv/bx/n on input line 314.
) (/usr/local/texlive/2023/texmf-dist/tex/latex/hyperref/hyperref.sty
Package: hyperref 2023-02-07 v7.00v Hypertext links for LaTeX
 (/usr/local/texlive/2023/texmf-dist/tex/generic/ltxcmds/ltxcmds.sty
Package: ltxcmds 2020-05-10 v1.25 LaTeX kernel commands for general use (HO)
) (/usr/local/texlive/2023/texmf-dist/tex/generic/iftex/iftex.sty
Package: iftex 2022/02/03 v1.0f TeX engine tests
) (/usr/local/texlive/2023/texmf-dist/tex/generic/pdftexcmds/pdftexcmds.sty
Package: pdftexcmds 2020-06-27 v0.33 Utility functions of pdfTeX for LuaTeX (HO)
 (/usr/local/texlive/2023/texmf-dist/tex/generic/infwarerr/infwarerr.sty
Package: infwarerr 2019/12/03 v1.5 Providing info/warning/error messages (HO)
)
Package pdftexcmds Info: \pdf@primitive is available.
Package pdftexcmds Info: \pdf@ifprimitive is available.
Package pdftexcmds Info: \pdfdraftmode found.
) (/usr/local/texlive/2023/texmf-dist/tex/latex/kvsetkeys/kvsetkeys.sty
Package: kvsetkeys 2022-10-05 v1.19 Key value parser (HO)
) (/usr/local/texlive/2023/texmf-dist/tex/generic/kvdefinekeys/kvdefinekeys.sty
Package: kvdefinekeys 2019-12-19 v1.6 Define keys (HO)
) (/usr/local/texlive/2023/texmf-dist/tex/generic/pdfescape/pdfescape.sty
Package: pdfescape 2019/12/09 v1.15 Implements pdfTeX's escape features (HO)
) (/usr/local/texlive/2023/texmf-dist/tex/latex/hycolor/hycolor.sty
Package: hycolor 2020-01-27 v1.10 Color options for hyperref/bookmark (HO)
) (/usr/local/texlive/2023/texmf-dist/tex/latex/letltxmacro/letltxmacro.sty
Package: letltxmacro 2019/12/03 v1.6 Let assignment for LaTeX macros (HO)
) (/usr/local/texlive/2023/texmf-dist/tex/latex/auxhook/auxhook.sty
Package: auxhook 2019-12-17 v1.6 Hooks for auxiliary files (HO)
) (/usr/local/texlive/2023/texmf-dist/tex/latex/hyperref/nameref.sty
Package: nameref 2022-05-17 v2.50 Cross-referencing by name of section
 (/usr/local/texlive/2023/texmf-dist/tex/latex/refcount/refcount.sty
Package: refcount 2019/12/15 v3.6 Data extraction from label references (HO)
) (/usr/local/texlive/2023/texmf-dist/tex/generic/gettitlestring/gettitlestring.sty
Package: gettitlestring 2019/12/15 v1.6 Cleanup title references (HO)
 (/usr/local/texlive/2023/texmf-dist/tex/latex/kvoptions/kvoptions.sty
Package: kvoptions 2022-06-15 v3.15 Key value format for package options (HO)
))
\c@section@level=\count272
)
\@linkdim=\dimen152
\Hy@linkcounter=\count273
\Hy@pagecounter=\count274
 (/usr/local/texlive/2023/texmf-dist/tex/latex/hyperref/pd1enc.def
File: pd1enc.def 2023-02-07 v7.00v Hyperref: PDFDocEncoding definition (HO)
Now handling font encoding PD1 ...
... no UTF-8 mapping file for font encoding PD1
) (/usr/local/texlive/2023/texmf-dist/tex/generic/intcalc/intcalc.sty
Package: intcalc 2019/12/15 v1.3 Expandable calculations with integers (HO)
) (/usr/local/texlive/2023/texmf-dist/tex/generic/etexcmds/etexcmds.sty
Package: etexcmds 2019/12/15 v1.7 Avoid name clashes with e-TeX commands (HO)
)
\Hy@SavedSpaceFactor=\count275
 (/usr/local/texlive/2023/texmf-dist/tex/latex/hyperref/puenc.def
File: puenc.def 2023-02-07 v7.00v Hyperref: PDF Unicode definition (HO)
Now handling font encoding PU ...
... no UTF-8 mapping file for font encoding PU
)
Package hyperref Info: Hyper figures OFF on input line 4177.
Package hyperref Info: Link nesting OFF on input line 4182.
Package hyperref Info: Hyper index ON on input line 4185.
Package hyperref Info: Plain pages OFF on input line 4192.
Package hyperref Info: Backreferencing OFF on input line 4197.
Package hyperref Info: Implicit mode ON; LaTeX internals redefined.
Package hyperref Info: Bookmarks ON on input line 4425.
\c@Hy@tempcnt=\count276
 (/usr/local/texlive/2023/texmf-dist/tex/latex/url/url.sty
\Urlmuskip=\muskip17
Package: url 2013/09/16  ver 3.4  Verb mode for urls, etc.
)
LaTeX Info: Redefining \url on input line 4763.
\XeTeXLinkMargin=\dimen153
 (/usr/local/texlive/2023/texmf-dist/tex/generic/bitset/bitset.sty
Package: bitset 2019/12/09 v1.3 Handle bit-vector datatype (HO)
 (/usr/local/texlive/2023/texmf-dist/tex/generic/bigintcalc/bigintcalc.sty
Package: bigintcalc 2019/12/15 v1.5 Expandable calculations on big integers (HO)
))
\Fld@menulength=\count277
\Field@Width=\dimen154
\Fld@charsize=\dimen155
Package hyperref Info: Hyper figures OFF on input line 6042.
Package hyperref Info: Link nesting OFF on input line 6047.
Package hyperref Info: Hyper index ON on input line 6050.
Package hyperref Info: backreferencing OFF on input line 6057.
Package hyperref Info: Link coloring OFF on input line 6062.
Package hyperref Info: Link coloring with OCG OFF on input line 6067.
Package hyperref Info: PDF/A mode OFF on input line 6072.
 (/usr/local/texlive/2023/texmf-dist/tex/latex/base/atbegshi-ltx.sty
Package: atbegshi-ltx 2021/01/10 v1.0c Emulation of the original atbegshi
package with kernel methods
)
\Hy@abspage=\count278
\c@Item=\count279
\c@Hfootnote=\count280
)
Package hyperref Info: Driver (autodetected): hpdftex.
 (/usr/local/texlive/2023/texmf-dist/tex/latex/hyperref/hpdftex.def
File: hpdftex.def 2023-02-07 v7.00v Hyperref driver for pdfTeX
 (/usr/local/texlive/2023/texmf-dist/tex/latex/base/atveryend-ltx.sty
Package: atveryend-ltx 2020/08/19 v1.0a Emulation of the original atveryend package
with kernel methods
)
\Fld@listcount=\count281
\c@bookmark@seq@number=\count282
 (/usr/local/texlive/2023/texmf-dist/tex/latex/rerunfilecheck/rerunfilecheck.sty
Package: rerunfilecheck 2022-07-10 v1.10 Rerun checks for auxiliary files (HO)
 (/usr/local/texlive/2023/texmf-dist/tex/generic/uniquecounter/uniquecounter.sty
Package: uniquecounter 2019/12/15 v1.4 Provide unlimited unique counter (HO)
)
Package uniquecounter Info: New unique counter `rerunfilecheck' on input line 285.
)
\Hy@SectionHShift=\skip64
) (/usr/local/texlive/2023/texmf-dist/tex/latex/graphics/graphicx.sty
Package: graphicx 2021/09/16 v1.2d Enhanced LaTeX Graphics (DPC,SPQR)
 (/usr/local/texlive/2023/texmf-dist/tex/latex/graphics/graphics.sty
Package: graphics 2022/03/10 v1.4e Standard LaTeX Graphics (DPC,SPQR)
 (/usr/local/texlive/2023/texmf-dist/tex/latex/graphics/trig.sty
Package: trig 2021/08/11 v1.11 sin cos tan (DPC)
) (/usr/local/texlive/2023/texmf-dist/tex/latex/graphics-cfg/graphics.cfg
File: graphics.cfg 2016/06/04 v1.11 sample graphics configuration
)
Package graphics Info: Driver file: pdftex.def on input line 107.
)
\Gin@req@height=\dimen156
\Gin@req@width=\dimen157
)
LaTeX Font Info:    Trying to load font information for OT1+ptm on input line 38.
 (/usr/local/texlive/2023/texmf-dist/tex/latex/psnfss/ot1ptm.fd
File: ot1ptm.fd 2001/06/04 font definitions for OT1/ptm.
) (/usr/local/texlive/2023/texmf-dist/tex/latex/l3backend/l3backend-pdftex.def
File: l3backend-pdftex.def 2023-01-16 L3 backend support: PDF output (pdfTeX)
\l__color_backend_stack_int=\count283
\l__pdf_internal_box=\box53
) (./iclr2021_conference.aux)
\openout1 = `iclr2021_conference.aux'.

LaTeX Font Info:    Checking defaults for OML/cmm/m/it on input line 38.
LaTeX Font Info:    ... okay on input line 38.
LaTeX Font Info:    Checking defaults for OMS/cmsy/m/n on input line 38.
LaTeX Font Info:    ... okay on input line 38.
LaTeX Font Info:    Checking defaults for OT1/cmr/m/n on input line 38.
LaTeX Font Info:    ... okay on input line 38.
LaTeX Font Info:    Checking defaults for T1/cmr/m/n on input line 38.
LaTeX Font Info:    ... okay on input line 38.
LaTeX Font Info:    Checking defaults for TS1/cmr/m/n on input line 38.
LaTeX Font Info:    ... okay on input line 38.
LaTeX Font Info:    Checking defaults for OMX/cmex/m/n on input line 38.
LaTeX Font Info:    ... okay on input line 38.
LaTeX Font Info:    Checking defaults for U/cmr/m/n on input line 38.
LaTeX Font Info:    ... okay on input line 38.
LaTeX Font Info:    Checking defaults for PD1/pdf/m/n on input line 38.
LaTeX Font Info:    ... okay on input line 38.
LaTeX Font Info:    Checking defaults for PU/pdf/m/n on input line 38.
LaTeX Font Info:    ... okay on input line 38.
 (/usr/local/texlive/2023/texmf-dist/tex/context/base/mkii/supp-pdf.mkii
[Loading MPS to PDF converter (version 2006.09.02).]
\scratchcounter=\count284
\scratchdimen=\dimen158
\scratchbox=\box54
\nofMPsegments=\count285
\nofMParguments=\count286
\everyMPshowfont=\toks22
\MPscratchCnt=\count287
\MPscratchDim=\dimen159
\MPnumerator=\count288
\makeMPintoPDFobject=\count289
\everyMPtoPDFconversion=\toks23
) (/usr/local/texlive/2023/texmf-dist/tex/latex/epstopdf-pkg/epstopdf-base.sty
Package: epstopdf-base 2020-01-24 v2.11 Base part for package epstopdf
Package epstopdf-base Info: Redefining graphics rule for `.eps' on input line 485.
 (/usr/local/texlive/2023/texmf-dist/tex/latex/latexconfig/epstopdf-sys.cfg
File: epstopdf-sys.cfg 2010/07/13 v1.3 Configuration of (r)epstopdf for TeX Live
))
Package hyperref Info: Link coloring OFF on input line 38.
 (./iclr2021_conference.out) (./iclr2021_conference.out)
\@outlinefile=\write3
\openout3 = `iclr2021_conference.out'.


Underfull \hbox (badness 2443) in paragraph at lines 42--42
[]\OT1/ptm/m/sc/17.28 Alzheimer's Dis-ease Pre-dic-tion us-ing Deep
 []

LaTeX Font Info:    Trying to load font information for U+msa on input line 42.
(/usr/local/texlive/2023/texmf-dist/tex/latex/amsfonts/umsa.fd
File: umsa.fd 2013/01/14 v3.01 AMS symbols A
)
LaTeX Font Info:    Trying to load font information for U+msb on input line 42.
 (/usr/local/texlive/2023/texmf-dist/tex/latex/amsfonts/umsb.fd
File: umsb.fd 2013/01/14 v3.01 AMS symbols B
)
LaTeX Font Info:    Trying to load font information for OT1+pcr on input line 42.
 (/usr/local/texlive/2023/texmf-dist/tex/latex/psnfss/ot1pcr.fd
File: ot1pcr.fd 2001/06/04 font definitions for OT1/pcr.
)
Underfull \vbox (badness 10000) has occurred while \output is active []

 [1{/usr/local/texlive/2023/texmf-var/fonts/map/pdftex/updmap/pdftex.map}{/usr/local/texlive/2023/texmf-dist/fonts/enc/dvips/base/8r.enc}

]
<../alld/plots/data_layers.png, id=69, 578.16pt x 578.16pt>
File: ../alld/plots/data_layers.png Graphic file (type png)
<use ../alld/plots/data_layers.png>
Package pdftex.def Info: ../alld/plots/data_layers.png  used on input line 59.
(pdftex.def)             Requested size: 301.1261pt x 301.1213pt.

Underfull \vbox (badness 6691) has occurred while \output is active []

 [2 <../alld/plots/data_layers.png>]
<../plots/resnet18/accuracy.png, id=81, 578.16pt x 433.62pt>
File: ../plots/resnet18/accuracy.png Graphic file (type png)
<use ../plots/resnet18/accuracy.png>
Package pdftex.def Info: ../plots/resnet18/accuracy.png  used on input line 84.
(pdftex.def)             Requested size: 119.2467pt x 89.43523pt.
<../plots/resnet18/precision.png, id=82, 578.16pt x 433.62pt>
File: ../plots/resnet18/precision.png Graphic file (type png)
<use ../plots/resnet18/precision.png>
Package pdftex.def Info: ../plots/resnet18/precision.png  used on input line 85.
(pdftex.def)             Requested size: 119.2467pt x 89.43523pt.
<../plots/resnet18/recall.png, id=83, 578.16pt x 433.62pt>
File: ../plots/resnet18/recall.png Graphic file (type png)
<use ../plots/resnet18/recall.png>
Package pdftex.def Info: ../plots/resnet18/recall.png  used on input line 86.
(pdftex.def)             Requested size: 119.2467pt x 89.43523pt.


LaTeX Warning: `h' float specifier changed to `ht'.


LaTeX Warning: `h' float specifier changed to `ht'.

[3 <../plots/resnet18/accuracy.png> <../plots/resnet18/precision.png> <../plots/resnet18/recall.png>]
<../3d/plots/resnet18/accuracy.png, id=95, 578.16pt x 433.62pt>
File: ../3d/plots/resnet18/accuracy.png Graphic file (type png)
<use ../3d/plots/resnet18/accuracy.png>
Package pdftex.def Info: ../3d/plots/resnet18/accuracy.png  used on input line 142.
(pdftex.def)             Requested size: 119.2467pt x 89.43523pt.
<../3d/plots/resnet18/precision_score.png, id=96, 578.16pt x 433.62pt>
File: ../3d/plots/resnet18/precision_score.png Graphic file (type png)
<use ../3d/plots/resnet18/precision_score.png>
Package pdftex.def Info: ../3d/plots/resnet18/precision_score.png  used on input line 143.
(pdftex.def)             Requested size: 119.2467pt x 89.43523pt.
<../3d/plots/resnet18/recall_score.png, id=97, 578.16pt x 433.62pt>
File: ../3d/plots/resnet18/recall_score.png Graphic file (type png)
<use ../3d/plots/resnet18/recall_score.png>
Package pdftex.def Info: ../3d/plots/resnet18/recall_score.png  used on input line 144.
(pdftex.def)             Requested size: 119.2467pt x 89.43523pt.


LaTeX Warning: `h' float specifier changed to `ht'.


Underfull \vbox (badness 10000) has occurred while \output is active []

 [4] (./iclr2021_conference.bbl)
<../plots/cnn/loss.png, id=110, 578.16pt x 433.62pt>
File: ../plots/cnn/loss.png Graphic file (type png)
<use ../plots/cnn/loss.png>
Package pdftex.def Info: ../plots/cnn/loss.png  used on input line 168.
(pdftex.def)             Requested size: 158.99156pt x 119.24255pt.
<../plots/cnn/accuracy.png, id=111, 578.16pt x 433.62pt>
File: ../plots/cnn/accuracy.png Graphic file (type png)
<use ../plots/cnn/accuracy.png>
Package pdftex.def Info: ../plots/cnn/accuracy.png  used on input line 169.
(pdftex.def)             Requested size: 158.99156pt x 119.24255pt.
<../plots/cnn/precision.png, id=112, 578.16pt x 433.62pt>
File: ../plots/cnn/precision.png Graphic file (type png)
<use ../plots/cnn/precision.png>
Package pdftex.def Info: ../plots/cnn/precision.png  used on input line 170.
(pdftex.def)             Requested size: 158.99156pt x 119.24255pt.
<../plots/cnn/recall.png, id=113, 578.16pt x 433.62pt>
File: ../plots/cnn/recall.png Graphic file (type png)
<use ../plots/cnn/recall.png>
Package pdftex.def Info: ../plots/cnn/recall.png  used on input line 171.
(pdftex.def)             Requested size: 158.99156pt x 119.24255pt.
 [5 <../3d/plots/resnet18/accuracy.png> <../3d/plots/resnet18/precision_score.png> <../3d/plots/resnet18/recall_score.png>]
<../plots/resnet18/loss.png, id=126, 578.16pt x 433.62pt>
File: ../plots/resnet18/loss.png Graphic file (type png)
<use ../plots/resnet18/loss.png>
Package pdftex.def Info: ../plots/resnet18/loss.png  used on input line 178.
(pdftex.def)             Requested size: 158.99156pt x 119.24255pt.
File: ../plots/resnet18/accuracy.png Graphic file (type png)
<use ../plots/resnet18/accuracy.png>
Package pdftex.def Info: ../plots/resnet18/accuracy.png  used on input line 179.
(pdftex.def)             Requested size: 158.99156pt x 119.24255pt.
File: ../plots/resnet18/precision.png Graphic file (type png)
<use ../plots/resnet18/precision.png>
Package pdftex.def Info: ../plots/resnet18/precision.png  used on input line 180.
(pdftex.def)             Requested size: 158.99156pt x 119.24255pt.
File: ../plots/resnet18/recall.png Graphic file (type png)
<use ../plots/resnet18/recall.png>
Package pdftex.def Info: ../plots/resnet18/recall.png  used on input line 181.
(pdftex.def)             Requested size: 158.99156pt x 119.24255pt.


LaTeX Warning: `h' float specifier changed to `ht'.

<../3d/plots/cnn/loss.png, id=127, 578.16pt x 433.62pt>
File: ../3d/plots/cnn/loss.png Graphic file (type png)
<use ../3d/plots/cnn/loss.png>
Package pdftex.def Info: ../3d/plots/cnn/loss.png  used on input line 188.
(pdftex.def)             Requested size: 158.99156pt x 119.24255pt.
<../3d/plots/cnn/accuracy.png, id=128, 578.16pt x 433.62pt>
File: ../3d/plots/cnn/accuracy.png Graphic file (type png)
<use ../3d/plots/cnn/accuracy.png>
Package pdftex.def Info: ../3d/plots/cnn/accuracy.png  used on input line 189.
(pdftex.def)             Requested size: 158.99156pt x 119.24255pt.
<../3d/plots/cnn/precision.png, id=129, 578.16pt x 433.62pt>
File: ../3d/plots/cnn/precision.png Graphic file (type png)
<use ../3d/plots/cnn/precision.png>
Package pdftex.def Info: ../3d/plots/cnn/precision.png  used on input line 190.
(pdftex.def)             Requested size: 158.99156pt x 119.24255pt.
<../3d/plots/cnn/recall.png, id=130, 578.16pt x 433.62pt>
File: ../3d/plots/cnn/recall.png Graphic file (type png)
<use ../3d/plots/cnn/recall.png>
Package pdftex.def Info: ../3d/plots/cnn/recall.png  used on input line 191.
(pdftex.def)             Requested size: 158.99156pt x 119.24255pt.

LaTeX Warning: `h' float specifier changed to `ht'.

<../3d/plots/resnet18/loss.png, id=131, 578.16pt x 433.62pt>
File: ../3d/plots/resnet18/loss.png Graphic file (type png)
<use ../3d/plots/resnet18/loss.png>
Package pdftex.def Info: ../3d/plots/resnet18/loss.png  used on input line 198.
(pdftex.def)             Requested size: 158.99156pt x 119.24255pt.
File: ../3d/plots/resnet18/accuracy.png Graphic file (type png)
<use ../3d/plots/resnet18/accuracy.png>
Package pdftex.def Info: ../3d/plots/resnet18/accuracy.png  used on input line 199.
(pdftex.def)             Requested size: 158.99156pt x 119.24255pt.
File: ../3d/plots/resnet18/precision_score.png Graphic file (type png)
<use ../3d/plots/resnet18/precision_score.png>
Package pdftex.def Info: ../3d/plots/resnet18/precision_score.png  used on input line 200.
(pdftex.def)             Requested size: 158.99156pt x 119.24255pt.
File: ../3d/plots/resnet18/recall_score.png Graphic file (type png)
<use ../3d/plots/resnet18/recall_score.png>
Package pdftex.def Info: ../3d/plots/resnet18/recall_score.png  used on input line 201.
(pdftex.def)             Requested size: 158.99156pt x 119.24255pt.

LaTeX Warning: `h' float specifier changed to `ht'.

<../3d/plots/resnet50/loss.png, id=132, 578.16pt x 433.62pt>
File: ../3d/plots/resnet50/loss.png Graphic file (type png)
<use ../3d/plots/resnet50/loss.png>
Package pdftex.def Info: ../3d/plots/resnet50/loss.png  used on input line 207.
(pdftex.def)             Requested size: 158.99156pt x 119.24255pt.
<../3d/plots/resnet50/accuracy.png, id=133, 578.16pt x 433.62pt>
File: ../3d/plots/resnet50/accuracy.png Graphic file (type png)
<use ../3d/plots/resnet50/accuracy.png>
Package pdftex.def Info: ../3d/plots/resnet50/accuracy.png  used on input line 208.
(pdftex.def)             Requested size: 158.99156pt x 119.24255pt.
<../3d/plots/resnet50/precision.png, id=134, 578.16pt x 433.62pt>
File: ../3d/plots/resnet50/precision.png Graphic file (type png)
<use ../3d/plots/resnet50/precision.png>
Package pdftex.def Info: ../3d/plots/resnet50/precision.png  used on input line 209.
(pdftex.def)             Requested size: 158.99156pt x 119.24255pt.
<../3d/plots/resnet50/recall.png, id=135, 578.16pt x 433.62pt>
File: ../3d/plots/resnet50/recall.png Graphic file (type png)
<use ../3d/plots/resnet50/recall.png>
Package pdftex.def Info: ../3d/plots/resnet50/recall.png  used on input line 210.
(pdftex.def)             Requested size: 158.99156pt x 119.24255pt.

LaTeX Warning: `h' float specifier changed to `ht'.

[6 <../plots/cnn/loss.png> <../plots/cnn/accuracy.png> <../plots/cnn/precision.png> <../plots/cnn/recall.png>] [7 <../plots/resnet18/loss.png> <../3d/plots/cnn/loss.png> <../3d/plots/cnn/accuracy.png> <../3d/plots/cnn/precision.png> <../3d/plots/cnn/recall.png>] [8 <../3d/plots/resnet18/loss.png> <../3d/plots/resnet50/loss.png> <../3d/plots/resnet50/accuracy.png> <../3d/plots/resnet50/precision.png> <../3d/plots/resnet50/recall.png>] (./iclr2021_conference.aux)
Package rerunfilecheck Info: File `iclr2021_conference.out' has not changed.
(rerunfilecheck)             Checksum: 3627A6DB03E93A7755237629A8DD9585;1325.
 ) 
Here is how much of TeX's memory you used:
 10871 strings out of 476025
 166013 string characters out of 5790017
 1873388 words of memory out of 5000000
 31115 multiletter control sequences out of 15000+600000
 531046 words of font info for 68 fonts, out of 8000000 for 9000
 1141 hyphenation exceptions out of 8191
 75i,11n,76p,1618b,473s stack positions out of 10000i,1000n,20000p,200000b,200000s
</usr/local/texlive/2023/texmf-dist/fonts/type1/public/amsfonts/cm/cmbx10.pfb></usr/local/texlive/2023/texmf-dist/fonts/type1/public/amsfonts/cm/cmmi10.pfb></usr/local/texlive/2023/texmf-dist/fonts/type1/public/amsfonts/cm/cmr10.pfb></usr/local/texlive/2023/texmf-dist/fonts/type1/public/amsfonts/cm/cmsy10.pfb></usr/local/texlive/2023/texmf-dist/fonts/type1/urw/courier/ucrr8a.pfb></usr/local/texlive/2023/texmf-dist/fonts/type1/urw/times/utmb8a.pfb></usr/local/texlive/2023/texmf-dist/fonts/type1/urw/times/utmr8a.pfb></usr/local/texlive/2023/texmf-dist/fonts/type1/urw/times/utmri8a.pfb>
Output written on iclr2021_conference.pdf (8 pages, 5756923 bytes).
PDF statistics:
 214 PDF objects out of 1000 (max. 8388607)
 144 compressed objects within 2 object streams
 36 named destinations out of 1000 (max. 500000)
 186 words of extra memory for PDF output out of 10000 (max. 10000000)

